{"/Users/cora/Documents/testing-with-jest-useState/src/components/UseStateTesting/index.tsx": {"path":"/Users/cora/Documents/testing-with-jest-useState/src/components/UseStateTesting/index.tsx","statementMap":{"0":{"start":{"line":1,"column":0},"end":{"line":1,"column":32}},"1":{"start":{"line":3,"column":31},"end":{"line":14,"column":1}},"2":{"start":{"line":4,"column":36},"end":{"line":4,"column":59}},"3":{"start":{"line":4,"column":18},"end":{"line":4,"column":20}},"4":{"start":{"line":4,"column":32},"end":{"line":4,"column":36}},"5":{"start":{"line":5,"column":35},"end":{"line":5,"column":76}},"6":{"start":{"line":5,"column":17},"end":{"line":5,"column":19}},"7":{"start":{"line":5,"column":31},"end":{"line":5,"column":35}},"8":{"start":{"line":6,"column":2},"end":{"line":13,"column":null}},"9":{"start":{"line":3,"column":13},"end":{"line":3,"column":31}}},"fnMap":{"0":{"name":"(anonymous_0)","decl":{"start":{"line":3,"column":31},"end":{"line":3,"column":null}},"loc":{"start":{"line":3,"column":31},"end":{"line":14,"column":1}}}},"branchMap":{"0":{"loc":{"start":{"line":8,"column":7},"end":{"line":8,"column":47}},"type":"binary-expr","locations":[{"start":{"line":8,"column":7},"end":{"line":8,"column":16}},{"start":{"line":8,"column":20},"end":{"line":8,"column":47}}]},"1":{"loc":{"start":{"line":9,"column":7},"end":{"line":9,"column":61}},"type":"binary-expr","locations":[{"start":{"line":9,"column":7},"end":{"line":9,"column":17}},{"start":{"line":9,"column":21},"end":{"line":9,"column":61}}]},"2":{"loc":{"start":{"line":10,"column":7},"end":{"line":10,"column":56}},"type":"binary-expr","locations":[{"start":{"line":10,"column":7},"end":{"line":10,"column":30}},{"start":{"line":10,"column":34},"end":{"line":10,"column":56}}]},"3":{"loc":{"start":{"line":11,"column":7},"end":{"line":11,"column":54}},"type":"binary-expr","locations":[{"start":{"line":11,"column":7},"end":{"line":11,"column":29}},{"start":{"line":11,"column":33},"end":{"line":11,"column":54}}]}},"s":{"0":1,"1":1,"2":2,"3":2,"4":2,"5":2,"6":2,"7":2,"8":2,"9":1},"f":{"0":2},"b":{"0":[2,1],"1":[2,1],"2":[2,0],"3":[2,0]}}
}
